c:\users\user\documents\cppprojects\bspmembranemodelling\debug\vc142.pdb
c:\users\user\documents\cppprojects\bspmembranemodelling\debug\vc142.idb
c:\users\user\documents\cppprojects\bspmembranemodelling\debug\surfaces.obj
c:\users\user\documents\cppprojects\bspmembranemodelling\debug\rbspsurfbasisfunc.obj
c:\users\user\documents\cppprojects\bspmembranemodelling\debug\rbspcurvbasisfunc.obj
c:\users\user\documents\cppprojects\bspmembranemodelling\debug\prbspsurf.obj
c:\users\user\documents\cppprojects\bspmembranemodelling\debug\polysurfbasisfunc.obj
c:\users\user\documents\cppprojects\bspmembranemodelling\debug\polycurvbasisfunc.obj
c:\users\user\documents\cppprojects\bspmembranemodelling\debug\point.obj
c:\users\user\documents\cppprojects\bspmembranemodelling\debug\pbspsurf.obj
c:\users\user\documents\cppprojects\bspmembranemodelling\debug\pbspcurv.obj
c:\users\user\documents\cppprojects\bspmembranemodelling\debug\object.obj
c:\users\user\documents\cppprojects\bspmembranemodelling\debug\matrix.obj
c:\users\user\documents\cppprojects\bspmembranemodelling\debug\main.obj
c:\users\user\documents\cppprojects\bspmembranemodelling\debug\knotset.obj
c:\users\user\documents\cppprojects\bspmembranemodelling\debug\curves.obj
c:\users\user\documents\cppprojects\bspmembranemodelling\debug\bspsurfbasisfunc.obj
c:\users\user\documents\cppprojects\bspmembranemodelling\debug\bspmembranesurf.obj
c:\users\user\documents\cppprojects\bspmembranemodelling\debug\bspcurvbasisfunc.obj
c:\users\user\documents\cppprojects\bspmembranemodelling\debug\bezsurfbasisfunc.obj
c:\users\user\documents\cppprojects\bspmembranemodelling\debug\bezcurvbasisfunc.obj
c:\users\user\documents\cppprojects\bspmembranemodelling\debug\bspmembranemodelling.exe
c:\users\user\documents\cppprojects\bspmembranemodelling\debug\bspmembranemodelling.ilk
c:\users\user\documents\cppprojects\bspmembranemodelling\debug\bspmembranemodelling.pdb
c:\users\user\documents\cppprojects\bspmembranemodelling\debug\bspmembr.6b6f1178.tlog\cl.command.1.tlog
c:\users\user\documents\cppprojects\bspmembranemodelling\debug\bspmembr.6b6f1178.tlog\cl.read.1.tlog
c:\users\user\documents\cppprojects\bspmembranemodelling\debug\bspmembr.6b6f1178.tlog\cl.write.1.tlog
c:\users\user\documents\cppprojects\bspmembranemodelling\debug\bspmembr.6b6f1178.tlog\link.command.1.tlog
c:\users\user\documents\cppprojects\bspmembranemodelling\debug\bspmembr.6b6f1178.tlog\link.read.1.tlog
c:\users\user\documents\cppprojects\bspmembranemodelling\debug\bspmembr.6b6f1178.tlog\link.write.1.tlog
